DEBUG - 2021-04-04 12:37:45 --> UTF-8 Support Enabled
DEBUG - 2021-04-04 12:37:45 --> Global POST, GET and COOKIE data sanitized
ERROR - 2021-04-04 12:37:45 --> Severity: Warning --> main(rdmkey.php): failed to open stream: No such file or directory C:\RDMMadrasah\htdocs\application\modules\guru\controllers\Guru.php 0
ERROR - 2021-04-04 12:37:45 --> Severity: Compile Error --> main(): Failed opening required 'rdmkey.php' (include_path='.;C:\php\pear') C:\RDMMadrasah\htdocs\application\modules\guru\controllers\Guru.php 0
DEBUG - 2021-04-04 12:39:18 --> UTF-8 Support Enabled
DEBUG - 2021-04-04 12:39:18 --> Global POST, GET and COOKIE data sanitized
ERROR - 2021-04-04 12:39:18 --> Severity: Warning --> main(rdmkey.php): failed to open stream: No such file or directory C:\RDMMadrasah\htdocs\application\modules\guru\controllers\Guru.php 0
ERROR - 2021-04-04 12:39:18 --> Severity: Compile Error --> main(): Failed opening required 'rdmkey.php' (include_path='.;C:\php\pear') C:\RDMMadrasah\htdocs\application\modules\guru\controllers\Guru.php 0
DEBUG - 2021-04-04 12:40:47 --> UTF-8 Support Enabled
DEBUG - 2021-04-04 12:40:47 --> No URI present. Default controller set.
DEBUG - 2021-04-04 12:40:47 --> Global POST, GET and COOKIE data sanitized
DEBUG - 2021-04-04 12:41:10 --> UTF-8 Support Enabled
DEBUG - 2021-04-04 12:41:10 --> No URI present. Default controller set.
DEBUG - 2021-04-04 12:41:10 --> Global POST, GET and COOKIE data sanitized
DEBUG - 2021-04-04 12:41:35 --> UTF-8 Support Enabled
DEBUG - 2021-04-04 12:41:35 --> No URI present. Default controller set.
DEBUG - 2021-04-04 12:41:35 --> Global POST, GET and COOKIE data sanitized
DEBUG - 2021-04-04 13:03:21 --> UTF-8 Support Enabled
DEBUG - 2021-04-04 13:03:21 --> No URI present. Default controller set.
DEBUG - 2021-04-04 13:03:21 --> Global POST, GET and COOKIE data sanitized
DEBUG - 2021-04-04 23:03:21 --> File loaded: C:\RDMMadrasah\htdocs\application\modules/login/models/M_model.php
DEBUG - 2021-04-04 13:03:21 --> UTF-8 Support Enabled
DEBUG - 2021-04-04 13:03:21 --> Global POST, GET and COOKIE data sanitized
DEBUG - 2021-04-04 23:03:22 --> File loaded: C:\RDMMadrasah\htdocs\application\modules/guru/views/partial/sidebar.php
DEBUG - 2021-04-04 23:03:22 --> File loaded: C:\RDMMadrasah\htdocs\application\modules/guru/views/main_page.php
DEBUG - 2021-04-04 23:03:22 --> Total execution time: 0.3797
DEBUG - 2021-04-04 13:03:22 --> UTF-8 Support Enabled
DEBUG - 2021-04-04 13:03:22 --> Global POST, GET and COOKIE data sanitized
ERROR - 2021-04-04 13:03:22 --> 404 Page Not Found: /index
DEBUG - 2021-04-04 13:03:30 --> UTF-8 Support Enabled
DEBUG - 2021-04-04 13:03:30 --> Global POST, GET and COOKIE data sanitized
ERROR - 2021-04-04 13:03:30 --> 404 Page Not Found: /index
DEBUG - 2021-04-04 13:04:30 --> UTF-8 Support Enabled
DEBUG - 2021-04-04 13:04:30 --> Global POST, GET and COOKIE data sanitized
DEBUG - 2021-04-04 23:04:30 --> File loaded: C:\RDMMadrasah\htdocs\application\modules/guru/views/partial/sidebar.php
DEBUG - 2021-04-04 23:04:30 --> File loaded: C:\RDMMadrasah\htdocs\application\modules/guru/views/main_page.php
DEBUG - 2021-04-04 23:04:30 --> Total execution time: 0.6490
DEBUG - 2021-04-04 13:04:31 --> UTF-8 Support Enabled
DEBUG - 2021-04-04 13:04:32 --> Global POST, GET and COOKIE data sanitized
ERROR - 2021-04-04 13:04:32 --> 404 Page Not Found: /index
DEBUG - 2021-04-04 13:04:35 --> UTF-8 Support Enabled
DEBUG - 2021-04-04 13:04:35 --> Global POST, GET and COOKIE data sanitized
DEBUG - 2021-04-04 23:04:36 --> Total execution time: 1.0042
DEBUG - 2021-04-04 13:04:36 --> UTF-8 Support Enabled
DEBUG - 2021-04-04 13:04:37 --> Global POST, GET and COOKIE data sanitized
DEBUG - 2021-04-04 23:04:37 --> Total execution time: 1.6886
DEBUG - 2021-04-04 13:04:37 --> UTF-8 Support Enabled
DEBUG - 2021-04-04 13:04:37 --> Global POST, GET and COOKIE data sanitized
DEBUG - 2021-04-04 23:04:38 --> File loaded: C:\RDMMadrasah\htdocs\application\modules/guru/views/partial/header.php
DEBUG - 2021-04-04 23:04:38 --> Total execution time: 0.6330
DEBUG - 2021-04-04 13:04:38 --> UTF-8 Support Enabled
DEBUG - 2021-04-04 13:04:38 --> Global POST, GET and COOKIE data sanitized
DEBUG - 2021-04-04 23:04:40 --> File loaded: C:\RDMMadrasah\htdocs\application\modules/guru/views/default.php
DEBUG - 2021-04-04 23:04:40 --> Total execution time: 1.8061
DEBUG - 2021-04-04 13:04:40 --> UTF-8 Support Enabled
DEBUG - 2021-04-04 13:04:40 --> Global POST, GET and COOKIE data sanitized
DEBUG - 2021-04-04 23:04:41 --> Total execution time: 0.7514
DEBUG - 2021-04-04 13:04:46 --> UTF-8 Support Enabled
DEBUG - 2021-04-04 13:04:46 --> Global POST, GET and COOKIE data sanitized
DEBUG - 2021-04-04 23:04:47 --> File loaded: C:\RDMMadrasah\htdocs\application\modules/guru/views/partial/sidebar.php
DEBUG - 2021-04-04 23:04:47 --> File loaded: C:\RDMMadrasah\htdocs\application\modules/guru/views/main_page.php
DEBUG - 2021-04-04 23:04:47 --> Total execution time: 0.4588
DEBUG - 2021-04-04 13:04:47 --> UTF-8 Support Enabled
DEBUG - 2021-04-04 13:04:47 --> Global POST, GET and COOKIE data sanitized
ERROR - 2021-04-04 13:04:47 --> 404 Page Not Found: /index
DEBUG - 2021-04-04 13:04:50 --> UTF-8 Support Enabled
DEBUG - 2021-04-04 13:04:50 --> Global POST, GET and COOKIE data sanitized
DEBUG - 2021-04-04 23:04:51 --> Total execution time: 1.5148
DEBUG - 2021-04-04 13:04:51 --> UTF-8 Support Enabled
DEBUG - 2021-04-04 13:04:52 --> Global POST, GET and COOKIE data sanitized
DEBUG - 2021-04-04 23:04:52 --> Total execution time: 0.6764
DEBUG - 2021-04-04 13:04:52 --> UTF-8 Support Enabled
DEBUG - 2021-04-04 13:04:52 --> Global POST, GET and COOKIE data sanitized
DEBUG - 2021-04-04 23:04:53 --> File loaded: C:\RDMMadrasah\htdocs\application\modules/guru/views/partial/header.php
DEBUG - 2021-04-04 23:04:53 --> Total execution time: 0.6027
DEBUG - 2021-04-04 13:04:53 --> UTF-8 Support Enabled
DEBUG - 2021-04-04 13:04:53 --> Global POST, GET and COOKIE data sanitized
DEBUG - 2021-04-04 23:04:55 --> File loaded: C:\RDMMadrasah\htdocs\application\modules/guru/views/default.php
DEBUG - 2021-04-04 23:04:55 --> Total execution time: 2.2973
DEBUG - 2021-04-04 13:04:55 --> UTF-8 Support Enabled
DEBUG - 2021-04-04 13:04:55 --> Global POST, GET and COOKIE data sanitized
DEBUG - 2021-04-04 23:04:57 --> Total execution time: 1.7348
DEBUG - 2021-04-04 13:05:35 --> UTF-8 Support Enabled
DEBUG - 2021-04-04 13:05:35 --> Global POST, GET and COOKIE data sanitized
DEBUG - 2021-04-04 23:05:35 --> File loaded: C:\RDMMadrasah\htdocs\application\modules/guru/views/partial/sidebar.php
DEBUG - 2021-04-04 23:05:35 --> File loaded: C:\RDMMadrasah\htdocs\application\modules/guru/views/main_page.php
DEBUG - 2021-04-04 23:05:35 --> Total execution time: 0.3681
DEBUG - 2021-04-04 13:05:38 --> UTF-8 Support Enabled
DEBUG - 2021-04-04 13:05:38 --> Global POST, GET and COOKIE data sanitized
DEBUG - 2021-04-04 23:05:39 --> Total execution time: 0.7001
DEBUG - 2021-04-04 13:05:39 --> UTF-8 Support Enabled
DEBUG - 2021-04-04 13:05:39 --> Global POST, GET and COOKIE data sanitized
DEBUG - 2021-04-04 23:05:40 --> Total execution time: 0.9662
DEBUG - 2021-04-04 13:05:40 --> UTF-8 Support Enabled
DEBUG - 2021-04-04 13:05:40 --> Global POST, GET and COOKIE data sanitized
DEBUG - 2021-04-04 23:05:41 --> File loaded: C:\RDMMadrasah\htdocs\application\modules/guru/views/partial/header.php
DEBUG - 2021-04-04 23:05:41 --> Total execution time: 0.8437
DEBUG - 2021-04-04 13:05:41 --> UTF-8 Support Enabled
DEBUG - 2021-04-04 13:05:41 --> Global POST, GET and COOKIE data sanitized
DEBUG - 2021-04-04 23:05:42 --> File loaded: C:\RDMMadrasah\htdocs\application\modules/guru/views/default.php
DEBUG - 2021-04-04 23:05:42 --> Total execution time: 0.6216
DEBUG - 2021-04-04 13:05:42 --> UTF-8 Support Enabled
DEBUG - 2021-04-04 13:05:42 --> Global POST, GET and COOKIE data sanitized
DEBUG - 2021-04-04 23:05:43 --> Total execution time: 1.1068
DEBUG - 2021-04-04 13:06:24 --> UTF-8 Support Enabled
DEBUG - 2021-04-04 13:06:24 --> Global POST, GET and COOKIE data sanitized
DEBUG - 2021-04-04 23:06:25 --> File loaded: C:\RDMMadrasah\htdocs\application\modules/guru/views/partial/sidebar.php
DEBUG - 2021-04-04 23:06:25 --> File loaded: C:\RDMMadrasah\htdocs\application\modules/guru/views/main_page.php
DEBUG - 2021-04-04 23:06:25 --> Total execution time: 0.4391
DEBUG - 2021-04-04 13:06:28 --> UTF-8 Support Enabled
DEBUG - 2021-04-04 13:06:28 --> Global POST, GET and COOKIE data sanitized
DEBUG - 2021-04-04 23:06:28 --> Total execution time: 0.6651
DEBUG - 2021-04-04 13:06:28 --> UTF-8 Support Enabled
DEBUG - 2021-04-04 13:06:29 --> Global POST, GET and COOKIE data sanitized
DEBUG - 2021-04-04 23:06:30 --> Total execution time: 1.4788
DEBUG - 2021-04-04 13:06:30 --> UTF-8 Support Enabled
DEBUG - 2021-04-04 13:06:30 --> Global POST, GET and COOKIE data sanitized
DEBUG - 2021-04-04 23:06:30 --> File loaded: C:\RDMMadrasah\htdocs\application\modules/guru/views/partial/header.php
DEBUG - 2021-04-04 23:06:30 --> Total execution time: 0.6727
DEBUG - 2021-04-04 13:06:31 --> UTF-8 Support Enabled
DEBUG - 2021-04-04 13:06:31 --> Global POST, GET and COOKIE data sanitized
DEBUG - 2021-04-04 23:06:31 --> File loaded: C:\RDMMadrasah\htdocs\application\modules/guru/views/default.php
DEBUG - 2021-04-04 23:06:31 --> Total execution time: 0.6108
DEBUG - 2021-04-04 13:06:31 --> UTF-8 Support Enabled
DEBUG - 2021-04-04 13:06:31 --> Global POST, GET and COOKIE data sanitized
DEBUG - 2021-04-04 23:06:32 --> Total execution time: 1.2061
DEBUG - 2021-04-04 13:06:39 --> UTF-8 Support Enabled
DEBUG - 2021-04-04 13:06:39 --> Global POST, GET and COOKIE data sanitized
DEBUG - 2021-04-04 23:06:40 --> File loaded: C:\RDMMadrasah\htdocs\application\modules/login/models/M_model.php
DEBUG - 2021-04-04 13:06:40 --> UTF-8 Support Enabled
DEBUG - 2021-04-04 13:06:40 --> Global POST, GET and COOKIE data sanitized
DEBUG - 2021-04-04 23:06:40 --> File loaded: C:\RDMMadrasah\htdocs\application\modules/login/models/M_model.php
DEBUG - 2021-04-04 23:06:40 --> File loaded: C:\RDMMadrasah\htdocs\application\modules/login/views/register_form.php
DEBUG - 2021-04-04 23:06:40 --> File loaded: C:\RDMMadrasah\htdocs\application\modules/login/views/login_page.php
DEBUG - 2021-04-04 23:06:40 --> Total execution time: 0.4112
DEBUG - 2021-04-04 13:06:41 --> UTF-8 Support Enabled
DEBUG - 2021-04-04 13:06:42 --> Global POST, GET and COOKIE data sanitized
ERROR - 2021-04-04 13:06:42 --> 404 Page Not Found: /index
DEBUG - 2021-04-04 13:08:12 --> UTF-8 Support Enabled
DEBUG - 2021-04-04 13:08:12 --> Global POST, GET and COOKIE data sanitized
DEBUG - 2021-04-04 23:08:13 --> File loaded: C:\RDMMadrasah\htdocs\application\modules/login/models/M_model.php
DEBUG - 2021-04-04 23:08:13 --> File loaded: C:\RDMMadrasah\htdocs\application\modules/login/views/login_form.php
DEBUG - 2021-04-04 23:08:13 --> File loaded: C:\RDMMadrasah\htdocs\application\modules/login/views/login_page.php
DEBUG - 2021-04-04 23:08:13 --> Total execution time: 0.3577
DEBUG - 2021-04-04 13:08:13 --> UTF-8 Support Enabled
DEBUG - 2021-04-04 13:08:13 --> Global POST, GET and COOKIE data sanitized
ERROR - 2021-04-04 13:08:13 --> 404 Page Not Found: /index
DEBUG - 2021-04-04 13:08:47 --> UTF-8 Support Enabled
DEBUG - 2021-04-04 13:08:47 --> Global POST, GET and COOKIE data sanitized
DEBUG - 2021-04-04 23:08:48 --> File loaded: C:\RDMMadrasah\htdocs\application\modules/login/models/M_model.php
DEBUG - 2021-04-04 23:08:48 --> Total execution time: 0.2470
DEBUG - 2021-04-04 13:08:49 --> UTF-8 Support Enabled
DEBUG - 2021-04-04 13:08:49 --> Global POST, GET and COOKIE data sanitized
DEBUG - 2021-04-04 23:08:49 --> File loaded: C:\RDMMadrasah\htdocs\application\modules/login/models/M_model.php
DEBUG - 2021-04-04 13:08:49 --> UTF-8 Support Enabled
DEBUG - 2021-04-04 13:08:49 --> Global POST, GET and COOKIE data sanitized
DEBUG - 2021-04-04 23:08:49 --> File loaded: C:\RDMMadrasah\htdocs\application\modules/proktor/views/sidebar.php
DEBUG - 2021-04-04 23:08:49 --> File loaded: C:\RDMMadrasah\htdocs\application\modules/proktor/views/header.php
DEBUG - 2021-04-04 23:08:49 --> File loaded: C:\RDMMadrasah\htdocs\application\modules/proktor/views/footer.php
DEBUG - 2021-04-04 23:08:49 --> File loaded: C:\RDMMadrasah\htdocs\application\modules/proktor/views/main_page.php
DEBUG - 2021-04-04 23:08:49 --> Total execution time: 0.1992
DEBUG - 2021-04-04 13:08:51 --> UTF-8 Support Enabled
DEBUG - 2021-04-04 13:08:51 --> Global POST, GET and COOKIE data sanitized
DEBUG - 2021-04-04 23:08:51 --> Total execution time: 0.3364
DEBUG - 2021-04-04 13:08:51 --> UTF-8 Support Enabled
DEBUG - 2021-04-04 13:08:51 --> Global POST, GET and COOKIE data sanitized
DEBUG - 2021-04-04 23:08:51 --> Total execution time: 0.3868
DEBUG - 2021-04-04 13:08:51 --> UTF-8 Support Enabled
DEBUG - 2021-04-04 13:08:52 --> Global POST, GET and COOKIE data sanitized
DEBUG - 2021-04-04 23:08:52 --> Total execution time: 0.4986
DEBUG - 2021-04-04 13:08:52 --> UTF-8 Support Enabled
DEBUG - 2021-04-04 13:08:52 --> Global POST, GET and COOKIE data sanitized
DEBUG - 2021-04-04 23:08:52 --> Total execution time: 0.2888
DEBUG - 2021-04-04 13:08:52 --> UTF-8 Support Enabled
DEBUG - 2021-04-04 13:08:52 --> Global POST, GET and COOKIE data sanitized
DEBUG - 2021-04-04 23:08:53 --> Total execution time: 0.2651
DEBUG - 2021-04-04 13:08:53 --> UTF-8 Support Enabled
DEBUG - 2021-04-04 13:08:53 --> Global POST, GET and COOKIE data sanitized
DEBUG - 2021-04-04 23:08:53 --> Total execution time: 0.1977
DEBUG - 2021-04-04 13:08:53 --> UTF-8 Support Enabled
DEBUG - 2021-04-04 13:08:53 --> Global POST, GET and COOKIE data sanitized
DEBUG - 2021-04-04 23:08:53 --> Total execution time: 0.2027
DEBUG - 2021-04-04 13:08:53 --> UTF-8 Support Enabled
DEBUG - 2021-04-04 13:08:53 --> Global POST, GET and COOKIE data sanitized
DEBUG - 2021-04-04 23:08:53 --> File loaded: C:\RDMMadrasah\htdocs\application\modules/proktor/views/default.php
DEBUG - 2021-04-04 23:08:53 --> Total execution time: 0.1972
DEBUG - 2021-04-04 13:08:53 --> UTF-8 Support Enabled
DEBUG - 2021-04-04 13:08:53 --> Global POST, GET and COOKIE data sanitized
ERROR - 2021-04-04 13:08:53 --> 404 Page Not Found: /index
DEBUG - 2021-04-04 13:08:53 --> UTF-8 Support Enabled
DEBUG - 2021-04-04 13:08:53 --> Global POST, GET and COOKIE data sanitized
DEBUG - 2021-04-04 23:08:54 --> Total execution time: 0.5560
DEBUG - 2021-04-04 13:08:54 --> UTF-8 Support Enabled
DEBUG - 2021-04-04 13:08:54 --> Global POST, GET and COOKIE data sanitized
DEBUG - 2021-04-04 23:08:54 --> Total execution time: 0.2078
DEBUG - 2021-04-04 13:09:01 --> UTF-8 Support Enabled
DEBUG - 2021-04-04 13:09:01 --> Global POST, GET and COOKIE data sanitized
DEBUG - 2021-04-04 23:09:02 --> File loaded: C:\RDMMadrasah\htdocs\application\modules/proktor/views/profile.php
DEBUG - 2021-04-04 23:09:02 --> Total execution time: 0.3267
DEBUG - 2021-04-04 13:09:03 --> UTF-8 Support Enabled
DEBUG - 2021-04-04 13:09:03 --> Global POST, GET and COOKIE data sanitized
ERROR - 2021-04-04 13:09:03 --> 404 Page Not Found: /index
DEBUG - 2021-04-04 13:09:07 --> UTF-8 Support Enabled
DEBUG - 2021-04-04 13:09:07 --> Global POST, GET and COOKIE data sanitized
DEBUG - 2021-04-04 23:09:07 --> File loaded: C:\RDMMadrasah\htdocs\application\modules/proktor/views/tahunajaran.php
DEBUG - 2021-04-04 23:09:07 --> Total execution time: 0.2576
DEBUG - 2021-04-04 13:09:09 --> UTF-8 Support Enabled
DEBUG - 2021-04-04 13:09:09 --> Global POST, GET and COOKIE data sanitized
DEBUG - 2021-04-04 23:09:09 --> File loaded: C:\RDMMadrasah\htdocs\application\modules/proktor/views/semester.php
DEBUG - 2021-04-04 23:09:09 --> Total execution time: 0.1718
DEBUG - 2021-04-04 13:09:11 --> UTF-8 Support Enabled
DEBUG - 2021-04-04 13:09:11 --> Global POST, GET and COOKIE data sanitized
DEBUG - 2021-04-04 23:09:11 --> File loaded: C:\RDMMadrasah\htdocs\application\modules/proktor/views/mapel.php
DEBUG - 2021-04-04 23:09:11 --> Total execution time: 0.1571
DEBUG - 2021-04-04 13:11:39 --> UTF-8 Support Enabled
DEBUG - 2021-04-04 13:11:40 --> Global POST, GET and COOKIE data sanitized
DEBUG - 2021-04-04 23:11:40 --> Total execution time: 0.4281
DEBUG - 2021-04-04 13:11:42 --> UTF-8 Support Enabled
DEBUG - 2021-04-04 13:11:42 --> Global POST, GET and COOKIE data sanitized
DEBUG - 2021-04-04 23:11:42 --> File loaded: C:\RDMMadrasah\htdocs\application\modules/login/models/M_model.php
DEBUG - 2021-04-04 13:11:43 --> UTF-8 Support Enabled
DEBUG - 2021-04-04 13:11:43 --> Global POST, GET and COOKIE data sanitized
DEBUG - 2021-04-04 23:11:43 --> File loaded: C:\RDMMadrasah\htdocs\application\modules/login/models/M_model.php
DEBUG - 2021-04-04 23:11:43 --> File loaded: C:\RDMMadrasah\htdocs\application\modules/login/views/login_form.php
DEBUG - 2021-04-04 23:11:43 --> File loaded: C:\RDMMadrasah\htdocs\application\modules/login/views/login_page.php
DEBUG - 2021-04-04 23:11:43 --> Total execution time: 0.2725
DEBUG - 2021-04-04 13:11:43 --> UTF-8 Support Enabled
DEBUG - 2021-04-04 13:11:43 --> Global POST, GET and COOKIE data sanitized
ERROR - 2021-04-04 13:11:43 --> 404 Page Not Found: /index
DEBUG - 2021-04-04 13:11:46 --> UTF-8 Support Enabled
DEBUG - 2021-04-04 13:11:46 --> Global POST, GET and COOKIE data sanitized
DEBUG - 2021-04-04 23:11:46 --> File loaded: C:\RDMMadrasah\htdocs\application\modules/login/models/M_model.php
DEBUG - 2021-04-04 23:11:46 --> File loaded: C:\RDMMadrasah\htdocs\application\modules/login/views/login_form.php
DEBUG - 2021-04-04 23:11:46 --> File loaded: C:\RDMMadrasah\htdocs\application\modules/login/views/login_page.php
DEBUG - 2021-04-04 23:11:46 --> Total execution time: 0.3302
DEBUG - 2021-04-04 13:11:47 --> UTF-8 Support Enabled
DEBUG - 2021-04-04 13:11:47 --> Global POST, GET and COOKIE data sanitized
ERROR - 2021-04-04 13:11:47 --> 404 Page Not Found: /index
